<?xml version="1.0" encoding="UTF-8"?>
<testng-results ignored="0" total="4" passed="3" failed="1" skipped="0">
  <reporter-output>
  </reporter-output>
  <suite started-at="2025-04-03T19:53:55 IST" name="End_to_End_smamp_mAx" finished-at="2025-04-03T20:35:39 IST" duration-ms="2504199">
    <groups>
    </groups>
    <test started-at="2025-04-03T19:53:55 IST" name="Default test" finished-at="2025-04-03T20:35:39 IST" duration-ms="2504199">
      <class name="smamp_mAx_testcases.Ble_with_router">
        <test-method is-config="true" signature="beforeMethod()[pri:0, instance:smamp_mAx_testcases.Ble_with_router@29647f75]" started-at="2025-04-03T20:12:16 IST" name="beforeMethod" finished-at="2025-04-03T20:12:16 IST" duration-ms="1" status="PASS">
          <reporter-output>
          </reporter-output>
        </test-method> <!-- beforeMethod -->
        <test-method is-config="true" signature="startTestCase()[pri:0, instance:smamp_mAx_testcases.Ble_with_router@29647f75]" started-at="2025-04-03T20:12:16 IST" name="startTestCase" finished-at="2025-04-03T20:12:16 IST" duration-ms="0" status="PASS">
          <reporter-output>
          </reporter-output>
        </test-method> <!-- startTestCase -->
        <test-method signature="Blewithrouter_pairing()[pri:2, instance:smamp_mAx_testcases.Ble_with_router@29647f75]" started-at="2025-04-03T20:12:16 IST" name="Blewithrouter_pairing" finished-at="2025-04-03T20:18:39 IST" duration-ms="382886" status="FAIL">
          <exception class="java.lang.RuntimeException">
            <message>
              <![CDATA[FAILED]]>
            </message>
            <full-stacktrace>
              <![CDATA[java.lang.RuntimeException: FAILED
at utils.Reporter.reportStep(Reporter.java:50)
at wrappers.GenericWrappers.fail(GenericWrappers.java:855)
at smamp_mAx_testcases.Ble_with_router.Blewithrouter_pairing(Ble_with_router.java:226)
at java.base/jdk.internal.reflect.DirectMethodHandleAccessor.invoke(DirectMethodHandleAccessor.java:103)
at java.base/java.lang.reflect.Method.invoke(Method.java:580)
at org.testng.internal.invokers.MethodInvocationHelper.invokeMethod(MethodInvocationHelper.java:139)
at org.testng.internal.invokers.TestInvoker.invokeMethod(TestInvoker.java:664)
at org.testng.internal.invokers.TestInvoker.invokeTestMethod(TestInvoker.java:228)
at org.testng.internal.invokers.MethodRunner.runInSequence(MethodRunner.java:63)
at org.testng.internal.invokers.TestInvoker$MethodInvocationAgent.invoke(TestInvoker.java:961)
at org.testng.internal.invokers.TestInvoker.invokeTestMethods(TestInvoker.java:201)
at org.testng.internal.invokers.TestMethodWorker.invokeTestMethods(TestMethodWorker.java:148)
at org.testng.internal.invokers.TestMethodWorker.run(TestMethodWorker.java:128)
at java.base/java.util.ArrayList.forEach(ArrayList.java:1596)
at org.testng.TestRunner.privateRun(TestRunner.java:819)
at org.testng.TestRunner.run(TestRunner.java:619)
at org.testng.SuiteRunner.runTest(SuiteRunner.java:443)
at org.testng.SuiteRunner.runSequentially(SuiteRunner.java:437)
at org.testng.SuiteRunner.privateRun(SuiteRunner.java:397)
at org.testng.SuiteRunner.run(SuiteRunner.java:336)
at org.testng.SuiteRunnerWorker.runSuite(SuiteRunnerWorker.java:52)
at org.testng.SuiteRunnerWorker.run(SuiteRunnerWorker.java:95)
at org.testng.TestNG.runSuitesSequentially(TestNG.java:1301)
at org.testng.TestNG.runSuitesLocally(TestNG.java:1228)
at org.testng.TestNG.runSuites(TestNG.java:1134)
at org.testng.TestNG.run(TestNG.java:1101)
at org.testng.remote.AbstractRemoteTestNG.run(AbstractRemoteTestNG.java:115)
at org.testng.remote.RemoteTestNG.initAndRun(RemoteTestNG.java:293)
at org.testng.remote.RemoteTestNG.main(RemoteTestNG.java:91)
]]>
            </full-stacktrace>
          </exception> <!-- java.lang.RuntimeException -->
          <reporter-output>
          </reporter-output>
        </test-method> <!-- Blewithrouter_pairing -->
        <test-method is-config="true" signature="afterMethod()[pri:0, instance:smamp_mAx_testcases.Ble_with_router@29647f75]" started-at="2025-04-03T20:18:39 IST" name="afterMethod" finished-at="2025-04-03T20:18:44 IST" duration-ms="4563" status="PASS">
          <reporter-output>
          </reporter-output>
        </test-method> <!-- afterMethod -->
      </class> <!-- smamp_mAx_testcases.Ble_with_router -->
      <class name="smamp_mAx_testcases.Before_pairing">
        <test-method is-config="true" signature="beforeSuite()[pri:0, instance:smamp_mAx_testcases.Before_pairing@5136d012]" started-at="2025-04-03T19:53:55 IST" name="beforeSuite" finished-at="2025-04-03T19:53:55 IST" duration-ms="240" status="PASS">
          <reporter-output>
          </reporter-output>
        </test-method> <!-- beforeSuite -->
        <test-method is-config="true" signature="beforeTest()[pri:0, instance:smamp_mAx_testcases.Before_pairing@5136d012]" started-at="2025-04-03T19:53:55 IST" name="beforeTest" finished-at="2025-04-03T19:53:55 IST" duration-ms="0" status="PASS">
          <reporter-output>
          </reporter-output>
        </test-method> <!-- beforeTest -->
        <test-method is-config="true" signature="startTestCase()[pri:0, instance:smamp_mAx_testcases.Before_pairing@5136d012]" started-at="2025-04-03T19:53:55 IST" name="startTestCase" finished-at="2025-04-03T19:53:55 IST" duration-ms="0" status="PASS">
          <reporter-output>
          </reporter-output>
        </test-method> <!-- startTestCase -->
        <test-method is-config="true" signature="beforeMethod()[pri:0, instance:smamp_mAx_testcases.Before_pairing@5136d012]" started-at="2025-04-03T19:53:55 IST" name="beforeMethod" finished-at="2025-04-03T19:53:55 IST" duration-ms="4" status="PASS">
          <reporter-output>
          </reporter-output>
        </test-method> <!-- beforeMethod -->
        <test-method signature="homePageUICheck()[pri:0, instance:smamp_mAx_testcases.Before_pairing@5136d012]" started-at="2025-04-03T19:53:55 IST" name="homePageUICheck" finished-at="2025-04-03T19:58:48 IST" duration-ms="293266" status="PASS">
          <reporter-output>
          </reporter-output>
        </test-method> <!-- homePageUICheck -->
        <test-method is-config="true" signature="afterMethod()[pri:0, instance:smamp_mAx_testcases.Before_pairing@5136d012]" started-at="2025-04-03T19:58:48 IST" name="afterMethod" finished-at="2025-04-03T19:59:15 IST" duration-ms="27000" status="PASS">
          <reporter-output>
          </reporter-output>
        </test-method> <!-- afterMethod -->
        <test-method is-config="true" signature="afterTest()[pri:0, instance:smamp_mAx_testcases.Before_pairing@5136d012]" started-at="2025-04-03T20:35:39 IST" name="afterTest" finished-at="2025-04-03T20:35:39 IST" duration-ms="1" status="PASS">
          <reporter-output>
          </reporter-output>
        </test-method> <!-- afterTest -->
        <test-method is-config="true" signature="afterSuite()[pri:0, instance:smamp_mAx_testcases.Before_pairing@5136d012]" started-at="2025-04-03T20:35:39 IST" name="afterSuite" finished-at="2025-04-03T20:35:40 IST" duration-ms="210" status="PASS">
          <reporter-output>
          </reporter-output>
        </test-method> <!-- afterSuite -->
      </class> <!-- smamp_mAx_testcases.Before_pairing -->
      <class name="smamp_mAx_testcases.Smartconfig">
        <test-method is-config="true" signature="startTestCase()[pri:0, instance:smamp_mAx_testcases.Smartconfig@3315d2d7]" started-at="2025-04-03T20:18:44 IST" name="startTestCase" finished-at="2025-04-03T20:18:44 IST" duration-ms="1" status="PASS">
          <reporter-output>
          </reporter-output>
        </test-method> <!-- startTestCase -->
        <test-method signature="Smartconfig_pairing()[pri:3, instance:smamp_mAx_testcases.Smartconfig@3315d2d7]" started-at="2025-04-03T20:18:44 IST" name="Smartconfig_pairing" finished-at="2025-04-03T20:35:19 IST" duration-ms="995403" status="PASS">
          <reporter-output>
          </reporter-output>
        </test-method> <!-- Smartconfig_pairing -->
        <test-method is-config="true" signature="beforeMethod()[pri:0, instance:smamp_mAx_testcases.Smartconfig@3315d2d7]" started-at="2025-04-03T20:18:44 IST" name="beforeMethod" finished-at="2025-04-03T20:18:44 IST" duration-ms="0" status="PASS">
          <reporter-output>
          </reporter-output>
        </test-method> <!-- beforeMethod -->
        <test-method is-config="true" signature="afterMethod()[pri:0, instance:smamp_mAx_testcases.Smartconfig@3315d2d7]" started-at="2025-04-03T20:35:19 IST" name="afterMethod" finished-at="2025-04-03T20:35:39 IST" duration-ms="19966" status="PASS">
          <reporter-output>
          </reporter-output>
        </test-method> <!-- afterMethod -->
      </class> <!-- smamp_mAx_testcases.Smartconfig -->
      <class name="smamp_mAx_testcases.Ble_without_router">
        <test-method signature="Blewithoutrouter_pairing()[pri:1, instance:smamp_mAx_testcases.Ble_without_router@355ce81c]" started-at="2025-04-03T19:59:15 IST" name="Blewithoutrouter_pairing" finished-at="2025-04-03T20:12:12 IST" duration-ms="776276" status="PASS">
          <reporter-output>
          </reporter-output>
        </test-method> <!-- Blewithoutrouter_pairing -->
        <test-method is-config="true" signature="beforeMethod()[pri:0, instance:smamp_mAx_testcases.Ble_without_router@355ce81c]" started-at="2025-04-03T19:59:15 IST" name="beforeMethod" finished-at="2025-04-03T19:59:15 IST" duration-ms="0" status="PASS">
          <reporter-output>
          </reporter-output>
        </test-method> <!-- beforeMethod -->
        <test-method is-config="true" signature="startTestCase()[pri:0, instance:smamp_mAx_testcases.Ble_without_router@355ce81c]" started-at="2025-04-03T19:59:15 IST" name="startTestCase" finished-at="2025-04-03T19:59:15 IST" duration-ms="0" status="PASS">
          <reporter-output>
          </reporter-output>
        </test-method> <!-- startTestCase -->
        <test-method is-config="true" signature="afterMethod()[pri:0, instance:smamp_mAx_testcases.Ble_without_router@355ce81c]" started-at="2025-04-03T20:12:12 IST" name="afterMethod" finished-at="2025-04-03T20:12:16 IST" duration-ms="4802" status="PASS">
          <reporter-output>
          </reporter-output>
        </test-method> <!-- afterMethod -->
      </class> <!-- smamp_mAx_testcases.Ble_without_router -->
    </test> <!-- Default test -->
  </suite> <!-- End_to_End_smamp_mAx -->
</testng-results>
